Mdi:ArrangeIcons
Mdi:ArrangeIcons
Mdi:ArrangeIcons
wm geometry . 900x785+8+85
Mdi:ArrangeIcons
Mdi:ArrangeIcons
wm geometry . 900x785+2109+198
Mdi:ArrangeIcons
Mdi:ArrangeIcons
wm geometry . 1707x967+1920+23
Mdi:ArrangeIcons
Mdi:ArrangeIcons
wm geometry . 1707x967+1920+31
Mdi:ArrangeIcons
wm geometry . 1707x967+1920+23
Mdi:ArrangeIcons
wm geometry . 1707x967+1920+31
Mdi:ArrangeIcons
wm geometry . 1707x967+1920+23
Mdi:ArrangeIcons
Mdi:ArrangeIcons
ScopeSigMgr:loadpffile /home/ece558_658_2024/cdeclercq/559/unppl_design/systolic_array/proc_el_ppl/pep.tr0 1 openonly
# PF:1
wm geometry .sigmgr._PF:1 232x242+1813+540
wm geometry .sigmgr._PF:1 232x242+3330+343
Mdi:Resize 1295 837
Mdi:Move 5 5
Mdi:ArrangeIcons
wm geometry .sigmgr._PF:1 232x604+3330+343
wm geometry .sigmgr._PF:1 232x242+3330+343
Mdi:ArrangeIcons
wm geometry .sigmgr._PF:1 232x604+3330+343
pf:read PF:1 v(s0)
# WF:1:1
Graph addsignal WF:1:1 -region new -yview real(y) -xview real(x) -tracehi 2
# Signal0
pf:read PF:1 v(s1)
# WF:1:13
Graph addsignal WF:1:13 -region new -yview real(y) -xview real(x) -tracehi 2
# Signal1
pf:read PF:1 v(s2)
# WF:1:14
Graph addsignal WF:1:14 -region new -yview real(y) -xview real(x) -tracehi 2
# Signal2
pf:read PF:1 v(s3)
# WF:1:15
Graph addsignal WF:1:15 -region new -yview real(y) -xview real(x) -tracehi 2
# Signal3
pf:read PF:1 v(s4)
# WF:1:16
Graph addsignal WF:1:16 -region new -yview real(y) -xview real(x) -tracehi 2
# Signal4
pf:read PF:1 v(s5)
# WF:1:17
Graph addsignal WF:1:17 -region new -yview real(y) -xview real(x) -tracehi 2
# Signal5
pf:read PF:1 v(s6)
# WF:1:18
Graph addsignal WF:1:18 -region new -yview real(y) -xview real(x) -tracehi 2
# Signal6
pf:read PF:1 v(s7)
# WF:1:19
Graph addsignal WF:1:19 -region new -yview real(y) -xview real(x) -tracehi 2
# Signal7
Mdi:ArrangeIcons
Mdi:ArrangeIcons
Mdi:ArrangeIcons
Mdi:ArrangeIcons
ScopeSigMgr:Reload 0 {{(1) pep.tr0}}
Mdi:ArrangeIcons
Mdi:ArrangeIcons
Mdi:ArrangeIcons
Mdi:ArrangeIcons
GrXY:NewGraph
# Graph1
pf:read PF:2 v(net6)
# WF:2:9
Graph addsignal WF:2:9 -region new -yview real(y) -xview real(x) -tracehi 2
# Signal0
pf:read PF:2 v(net7)
# WF:2:10
Graph addsignal WF:2:10 -region new -yview real(y) -xview real(x) -tracehi 2
# Signal1
pf:read PF:2 v(net8)
# WF:2:11
Graph addsignal WF:2:11 -region new -yview real(y) -xview real(x) -tracehi 2
# Signal2
pf:read PF:2 v(net9)
# WF:2:12
Graph addsignal WF:2:12 -region new -yview real(y) -xview real(x) -tracehi 2
# Signal3
Mdi:Resize 1287 802
Mdi:Move 5 5
pf:read PF:2 v(s0)
# WF:2:1
Graph addsignal WF:2:1 -region new -yview real(y) -xview real(x) -tracehi 2
# Signal4
Graph:Select Graph1
Graph delsignal selected
Mdi:ArrangeIcons
Mdi:ArrangeIcons
Mdi:ArrangeIcons
Mdi:ArrangeIcons
GrXY:NewGraph
# Graph2
pf:read PF:2 v(s0)
# WF:2:1
Graph addsignal WF:2:1 -region new -yview real(y) -xview real(x) -tracehi 2
# Signal1
pf:read PF:2 v(s2)
# WF:2:3
Graph addsignal WF:2:3 -region new -yview real(y) -xview real(x) -tracehi 2
# Signal2
pf:read PF:2 v(s3)
# WF:2:4
Graph addsignal WF:2:4 -region new -yview real(y) -xview real(x) -tracehi 2
# Signal3
pf:read PF:2 v(s4)
# WF:2:5
Graph addsignal WF:2:5 -region new -yview real(y) -xview real(x) -tracehi 2
# Signal4
pf:read PF:2 v(s5)
# WF:2:6
Graph addsignal WF:2:6 -region new -yview real(y) -xview real(x) -tracehi 2
# Signal5
pf:read PF:2 v(s6)
# WF:2:7
Graph addsignal WF:2:7 -region new -yview real(y) -xview real(x) -tracehi 2
# Signal6
pf:read PF:2 v(s7)
# WF:2:8
Graph addsignal WF:2:8 -region new -yview real(y) -xview real(x) -tracehi 2
# Signal7
Mdi:Resize 1294 829
Mdi:Move 5 5
Mdi:ArrangeIcons
Mdi:ArrangeIcons
Mdi:ArrangeIcons
Mdi:ArrangeIcons
ScopeSigMgr:Reload 0 {{(1) pep.tr0}}
Mdi:ArrangeIcons
Mdi:ArrangeIcons
Graph:Select Graph2
Graph:DSel
Graph itemselect Signal8 add
# Signal8
Mdi:ArrangeIcons
Mdi:ArrangeIcons
GrXY:NewGraph
# Graph3
pf:read PF:3 v(s0)
# WF:3:1
Graph addsignal WF:3:1 -region new -yview real(y) -xview real(x) -tracehi 2
# Signal1
pf:read PF:3 v(s2)
# WF:3:3
Graph addsignal WF:3:3 -region new -yview real(y) -xview real(x) -tracehi 2
# Signal2
pf:read PF:3 v(s3)
# WF:3:4
Graph addsignal WF:3:4 -region new -yview real(y) -xview real(x) -tracehi 2
# Signal3
pf:read PF:3 v(s4)
# WF:3:5
Graph addsignal WF:3:5 -region new -yview real(y) -xview real(x) -tracehi 2
# Signal4
pf:read PF:3 v(s5)
# WF:3:6
Graph addsignal WF:3:6 -region new -yview real(y) -xview real(x) -tracehi 2
# Signal5
pf:read PF:3 v(s6)
# WF:3:7
Graph addsignal WF:3:7 -region new -yview real(y) -xview real(x) -tracehi 2
# Signal6
pf:read PF:3 v(s7)
# WF:3:8
Graph addsignal WF:3:8 -region new -yview real(y) -xview real(x) -tracehi 2
# Signal7
Mdi:Resize 1236 782
Mdi:Move 5 5
Mdi:Resize 1292 836
Mdi:Move 5 5
Graph:Select Graph3
Graph:DSel
Graph itemselect Signal0 add
# Signal0
GrXY:NewGraph
# Graph4
pf:read PF:3 v(s0)
# WF:3:1
Graph addsignal WF:3:1 -region new -yview real(y) -xview real(x) -tracehi 2
# Signal0
pf:read PF:3 v(s1)
# WF:3:2
Graph addsignal WF:3:2 -region new -yview real(y) -xview real(x) -tracehi 2
# Signal1
pf:read PF:3 v(s2)
# WF:3:3
Graph addsignal WF:3:3 -region new -yview real(y) -xview real(x) -tracehi 2
# Signal2
pf:read PF:3 v(s3)
# WF:3:4
Graph addsignal WF:3:4 -region new -yview real(y) -xview real(x) -tracehi 2
# Signal3
pf:read PF:3 v(s4)
# WF:3:5
Graph addsignal WF:3:5 -region new -yview real(y) -xview real(x) -tracehi 2
# Signal4
pf:read PF:3 v(s5)
# WF:3:6
Graph addsignal WF:3:6 -region new -yview real(y) -xview real(x) -tracehi 2
# Signal5
pf:read PF:3 v(s6)
# WF:3:7
Graph addsignal WF:3:7 -region new -yview real(y) -xview real(x) -tracehi 2
# Signal6
pf:read PF:3 v(s7)
# WF:3:8
Graph addsignal WF:3:8 -region new -yview real(y) -xview real(x) -tracehi 2
# Signal7
Mdi:Resize 1294 837
Mdi:Move 5 5
Mdi:ArrangeIcons
Mdi:ArrangeIcons
Mdi:ArrangeIcons
Mdi:ArrangeIcons
Mdi:ArrangeIcons
Mdi:ArrangeIcons
Mdi:ArrangeIcons
Mdi:ArrangeIcons
Mdi:ArrangeIcons
Mdi:ArrangeIcons
Mdi:ArrangeIcons
Mdi:ArrangeIcons
Mdi:ArrangeIcons
Mdi:ArrangeIcons
Mdi:ArrangeIcons
Mdi:ArrangeIcons
Mdi:ArrangeIcons
Mdi:ArrangeIcons
Mdi:ArrangeIcons
Mdi:ArrangeIcons
Mdi:ArrangeIcons
Mdi:ArrangeIcons
Mdi:ArrangeIcons
Mdi:ArrangeIcons
Mdi:ArrangeIcons
Mdi:ArrangeIcons
Mdi:ArrangeIcons
Mdi:ArrangeIcons
Mdi:ArrangeIcons
Mdi:ArrangeIcons
Mdi:ArrangeIcons
Mdi:ArrangeIcons
pf:read PF:3 v(phi)
# WF:3:9
Graph addsignal WF:3:9 -region new -yview real(y) -xview real(x) -tracehi 2
# Signal8
Mdi:ArrangeIcons
Mdi:ArrangeIcons
Mdi:ArrangeIcons
Mdi:ArrangeIcons
Mdi:ArrangeIcons
Mdi:ArrangeIcons
Mdi:ArrangeIcons
Mdi:ArrangeIcons
Mdi:ArrangeIcons
Mdi:ArrangeIcons
Mdi:ArrangeIcons
Mdi:ArrangeIcons
Mdi:ArrangeIcons
Mdi:ArrangeIcons
Mdi:ArrangeIcons
Mdi:ArrangeIcons
Mdi:ArrangeIcons
Mdi:ArrangeIcons
Mdi:ArrangeIcons
Mdi:ArrangeIcons
Mdi:ArrangeIcons
Mdi:ArrangeIcons
Mdi:ArrangeIcons
Mdi:ArrangeIcons
Mdi:ArrangeIcons
Mdi:ArrangeIcons
Mdi:ArrangeIcons
Mdi:ArrangeIcons
Mdi:ArrangeIcons
Mdi:ArrangeIcons
Mdi:ArrangeIcons
Mdi:ArrangeIcons
Mdi:ArrangeIcons
Mdi:ArrangeIcons
Mdi:ArrangeIcons
Mdi:ArrangeIcons
Mdi:ArrangeIcons
Mdi:ArrangeIcons
Mdi:ArrangeIcons
Mdi:ArrangeIcons
Mdi:ArrangeIcons
Mdi:ArrangeIcons
