********************************************************************************
db2gds 22.20-p009 64 bit (Wed Jan 18 17:06:09 PST 2023)
Build Ref No.: 038 Release Candidate (01-18-2023) [2220_pgs]

Copyright 2023 Cadence Design Systems, Inc.
All rights reserved worldwide.

Build O/S:       Linux x86_64 3.10.0-693.el7.x86_64
Executed on:     vlsicad.ecs.umass.edu (Linux x86_64 4.18.0-553.16.1.el8_10.x86_64)
Process Id:      892532
Starting Time:   Sun Apr 20 22:38:05 2025 (Mon Apr 21 02:38:05 2025 GMT)
With parameters: sys_arr_unp_892328 /home/ece558_658_2024/cdeclercq/559/unppl_design/lvs-runs/svdb/sys_arr_unp.agf sys_arr_unp -lmap lmaplEMyqn -netmap /home/ece558_658_2024/cdeclercq/559/unppl_design/lvs-runs/svdb/sys_arr_unp.lnn -property_nqrc -gds_scale 2000 -vircolon 
********************************************************************************

Library name: sys_arr_unp_892328
GDSII file name: /home/ece558_658_2024/cdeclercq/559/unppl_design/lvs-runs/svdb/sys_arr_unp.agf
Cells to be written out: sys_arr_unp
Source Library: sys_arr_unp_892328
Layer mapping file(GDS <- DMC): lmaplEMyqn
    23 (dt:0 tt:0) <- 23
    24 (dt:0 tt:0) <- 24
    55 (dt:0 tt:0) <- 55
    69 (dt:0 tt:0) <- 69
    70 (dt:0 tt:0) <- 70
    72 (dt:0 tt:0) <- 72
    73 (dt:0 tt:0) <- 73
    74 (dt:0 tt:0) <- 74
    76 (dt:0 tt:0) <- 76
    79 (dt:0 tt:0) <- 79
    80 (dt:0 tt:0) <- 80
    82 (dt:0 tt:0) <- 82
    45 (dt:0 tt:0) <- 45
    47 (dt:0 tt:0) <- 47
    48 (dt:0 tt:0) <- 48
    49 (dt:0 tt:0) <- 49
    50 (dt:0 tt:0) <- 50
    51 (dt:0 tt:0) <- 51
    52 (dt:0 tt:0) <- 52
    53 (dt:0 tt:0) <- 53
    54 (dt:0 tt:0) <- 54
    56 (dt:0 tt:0) <- 56
    57 (dt:0 tt:0) <- 57
    58 (dt:0 tt:0) <- 58
    59 (dt:0 tt:0) <- 59
    60 (dt:0 tt:0) <- 60
    61 (dt:0 tt:0) <- 61
    62 (dt:0 tt:0) <- 62
    63 (dt:0 tt:0) <- 63
    64 (dt:0 tt:0) <- 64
    65 (dt:0 tt:0) <- 65
    66 (dt:0 tt:0) <- 66
    67 (dt:0 tt:0) <- 67
    81 (dt:0 tt:0) <- 81
    89 (dt:0 tt:0) <- 89
    92 (dt:0 tt:0) <- 92
    99 (dt:0 tt:0) <- 99
    101 (dt:0 tt:0) <- 101
    102 (dt:0 tt:0) <- 102
    116 (dt:0 tt:0) <- 116
    118 (dt:0 tt:0) <- 118
    11 (dt:0 tt:0) <- 11
    12 (dt:0 tt:0) <- 12
    14 (dt:0 tt:0) <- 14
    28 (dt:0 tt:0) <- 28
    29 (dt:0 tt:0) <- 29
    30 (dt:0 tt:0) <- 30
    31 (dt:0 tt:0) <- 31
    33 (dt:0 tt:0) <- 33
    34 (dt:0 tt:0) <- 34
    35 (dt:0 tt:0) <- 35
    36 (dt:0 tt:0) <- 36
    38 (dt:0 tt:0) <- 38
    39 (dt:0 tt:0) <- 39
    41 (dt:0 tt:0) <- 41
    42 (dt:0 tt:0) <- 42
    43 (dt:0 tt:0) <- 43
    44 (dt:0 tt:0) <- 44
    68 (dt:0 tt:0) <- 68
    71 (dt:0 tt:0) <- 71
    75 (dt:0 tt:0) <- 75
    77 (dt:0 tt:0) <- 77
    78 (dt:0 tt:0) <- 78
    83 (dt:0 tt:0) <- 83
    86 (dt:0 tt:0) <- 86
    96 (dt:0 tt:0) <- 96
    124 (dt:0 tt:0) <- 124
    128 (dt:0 tt:0) <- 128
    130 (dt:0 tt:0) <- 130
    131 (dt:0 tt:0) <- 131
    132 (dt:0 tt:0) <- 132
    133 (dt:0 tt:0) <- 133
    134 (dt:0 tt:0) <- 134
    135 (dt:0 tt:0) <- 135
    136 (dt:0 tt:0) <- 136
    0 (dt:0 tt:0) <- 0
    1 (dt:0 tt:0) <- 1
    2 (dt:0 tt:0) <- 2
    3 (dt:0 tt:0) <- 3
    4 (dt:0 tt:0) <- 4
    5 (dt:0 tt:0) <- 5
    6 (dt:0 tt:0) <- 6
    7 (dt:0 tt:0) <- 7
    8 (dt:0 tt:0) <- 8
    9 (dt:0 tt:0) <- 9
    10 (dt:0 tt:0) <- 10
    13 (dt:0 tt:0) <- 13
    15 (dt:0 tt:0) <- 15
    16 (dt:0 tt:0) <- 16
    17 (dt:0 tt:0) <- 17
    18 (dt:0 tt:0) <- 18
    19 (dt:0 tt:0) <- 19
    20 (dt:0 tt:0) <- 20
    21 (dt:0 tt:0) <- 21
    22 (dt:0 tt:0) <- 22
    25 (dt:0 tt:0) <- 25
    26 (dt:0 tt:0) <- 26
    27 (dt:0 tt:0) <- 27
    32 (dt:0 tt:0) <- 32
    37 (dt:0 tt:0) <- 37
    40 (dt:0 tt:0) <- 40
    46 (dt:0 tt:0) <- 46
Cell name case: PRESERVE
Option: output object property for new qrc flow


                Object Statistics of Cells                            
Cell Name         Box  Polygon     Path   Label Instance Array    Total
----------------------------------------------------------------------
sys_arr_unp         9       18        0       0     8      0        35
MASCO__A1           1        7        0       0     2      0        10
proc_el           337       12        0       0   215      0       564
M2_M1_CDNS_1        3        0        0       0     0      0         3
FlipFlop           32        6        0       0    46      0        84
faabs              53        3        0       0    23      0        79
AND                22        1        0       0    29      0        52
Multiplier        422        1        0       0   254      0       677
M2_M1_CDNS_2        4        0        0       0     0      0         4
M2_M1_CDNS_3        6        0        0       0     0      0         6
M1_PO_CDNS_4        3        0        0       0     0      0         3
M1_NWELL_CDNS_5        8        0        0       0     0      0         8
M1_PSUB_CDNS_6        7        0        0       0     0      0         7
pmos1v_CDNS_7       15        0        0       0     0      0        15
nmos1v_CDNS_8       10        0        0       0     0      0        10
nmos1v_CDNS_9        9        0        0       0     0      0         9
pmos1v_CDNS_10       11        0        0       0     0      0        11
NAND               16        1        0       0    19      0        36
Full_Adder         38        1        0       0    21      0        60
inv                10        1        0       0    12      0        23
Half_Adder         62        5        0       0    79      0       146
XOR                47        4        0       0    60      0       111
----------------------------------------------------------------------

Object Statistics of Layers
Layer   Objects
----------------
  14          57
  27         242
  46          33
  47           1
  49         419
  50         310
  60          38
  61           5
  62          16
  63          40
  64           5
  65          10
  69           7
 116           1
 118           1
----------------

Object Summary
------------------
     Box      1125
 Polygon        60
    Path         0
   Label         0
Instance       768
   Array         0
------------------
   Total      1953


Output property: 1953
Total CPU Time          : 0(s)
Total Real Time         : 0(s)
Peak Memory Used        : 7(M)
