Virtuoso Framework License (111) was checked out successfully. Total checkout time was 0.01s.

Running simulation in directory: "/home/ece558_658_2024/cdeclercq/559/unppl_design/lvs-runs/".

*WARNING* '/home/ece558_658_2024/cdeclercq/559/unppl_design/cds.lib', Line 2, Repeat of INCLUDE of '/opt/cadence/ic618/share/cdssetup/cds.lib'.
*WARNING* '/opt/cadence/ic618/share/cdssetup/cds.lib', Line 1, Repeat of INCLUDE of '/opt/cadence/ic618/share/cdssetup/dfII/cds.lib'.
*WARNING* LIB cdsDefTechLib from File /opt/cadence/ic618/share/cdssetup/dfII/cds.lib Line 1 redefines
LIB cdsDefTechLib from the same file (defined earlier.)
*WARNING* '/opt/cadence/ic618/share/cdssetup/dfII/cds.lib', Line 2, Repeat of INCLUDE of '/opt/cadence/ic618/tools.lnx86/dfII/etc/cdsDotLibs/composer/cds.lib'.
*WARNING* LIB basic from File /opt/cadence/ic618/tools.lnx86/dfII/etc/cdsDotLibs/composer/cds.lib Line 1 redefines
LIB basic from the same file (defined earlier.)
*WARNING* LIB US_8ths from File /opt/cadence/ic618/tools.lnx86/dfII/etc/cdsDotLibs/composer/cds.lib Line 2 redefines
LIB US_8ths from the same file (defined earlier.)
*WARNING* '/opt/cadence/ic618/share/cdssetup/dfII/cds.lib', Line 3, Repeat of INCLUDE of '/opt/cadence/ic618/tools.lnx86/dfII/etc/cdsDotLibs/artist/cds.lib'.
*WARNING* LIB analogLib from File /opt/cadence/ic618/tools.lnx86/dfII/etc/cdsDotLibs/artist/cds.lib Line 1 redefines
LIB analogLib from the same file (defined earlier.)
*WARNING* LIB functional from File /opt/cadence/ic618/tools.lnx86/dfII/etc/cdsDotLibs/artist/cds.lib Line 2 redefines
LIB functional from the same file (defined earlier.)
*WARNING* '/opt/cadence/ic618/share/cdssetup/dfII/cds.lib', Line 4, Repeat of INCLUDE of '/opt/cadence/ic618/tools.lnx86/dfII/etc/cdsDotLibs/spectre/cds.lib'.
*WARNING* LIB rfLib from File /opt/cadence/ic618/tools.lnx86/dfII/etc/cdsDotLibs/spectre/cds.lib Line 6 redefines
LIB rfLib from the same file (defined earlier.)
*WARNING* LIB rfExamples from File /opt/cadence/ic618/tools.lnx86/dfII/etc/cdsDotLibs/spectre/cds.lib Line 7 redefines
LIB rfExamples from the same file (defined earlier.)
*WARNING* LIB ahdlLib from File /opt/cadence/ic618/tools.lnx86/dfII/etc/cdsDotLibs/spectre/cds.lib Line 8 redefines
LIB ahdlLib from the same file (defined earlier.)
*WARNING* LIB rfTlineLib from File /opt/cadence/ic618/tools.lnx86/dfII/etc/cdsDotLibs/spectre/cds.lib Line 9 redefines
LIB rfTlineLib from the same file (defined earlier.)
*WARNING* '/home/ece558_658_2024/cdeclercq/559/unppl_design/cds.lib', Line 2, Repeat of INCLUDE of '/opt/cadence/ic618/share/cdssetup/cds.lib'.
*WARNING* '/opt/cadence/ic618/share/cdssetup/cds.lib', Line 1, Repeat of INCLUDE of '/opt/cadence/ic618/share/cdssetup/dfII/cds.lib'.
*WARNING* LIB cdsDefTechLib from File /opt/cadence/ic618/share/cdssetup/dfII/cds.lib Line 1 redefines
LIB cdsDefTechLib from the same file (defined earlier.)
*WARNING* '/opt/cadence/ic618/share/cdssetup/dfII/cds.lib', Line 2, Repeat of INCLUDE of '/opt/cadence/ic618/tools.lnx86/dfII/etc/cdsDotLibs/composer/cds.lib'.
*WARNING* LIB basic from File /opt/cadence/ic618/tools.lnx86/dfII/etc/cdsDotLibs/composer/cds.lib Line 1 redefines
LIB basic from the same file (defined earlier.)
*WARNING* LIB US_8ths from File /opt/cadence/ic618/tools.lnx86/dfII/etc/cdsDotLibs/composer/cds.lib Line 2 redefines
LIB US_8ths from the same file (defined earlier.)
*WARNING* '/opt/cadence/ic618/share/cdssetup/dfII/cds.lib', Line 3, Repeat of INCLUDE of '/opt/cadence/ic618/tools.lnx86/dfII/etc/cdsDotLibs/artist/cds.lib'.
*WARNING* LIB analogLib from File /opt/cadence/ic618/tools.lnx86/dfII/etc/cdsDotLibs/artist/cds.lib Line 1 redefines
LIB analogLib from the same file (defined earlier.)
*WARNING* LIB functional from File /opt/cadence/ic618/tools.lnx86/dfII/etc/cdsDotLibs/artist/cds.lib Line 2 redefines
LIB functional from the same file (defined earlier.)
*WARNING* '/opt/cadence/ic618/share/cdssetup/dfII/cds.lib', Line 4, Repeat of INCLUDE of '/opt/cadence/ic618/tools.lnx86/dfII/etc/cdsDotLibs/spectre/cds.lib'.
*WARNING* LIB rfLib from File /opt/cadence/ic618/tools.lnx86/dfII/etc/cdsDotLibs/spectre/cds.lib Line 6 redefines
LIB rfLib from the same file (defined earlier.)
*WARNING* LIB rfExamples from File /opt/cadence/ic618/tools.lnx86/dfII/etc/cdsDotLibs/spectre/cds.lib Line 7 redefines
LIB rfExamples from the same file (defined earlier.)
*WARNING* LIB ahdlLib from File /opt/cadence/ic618/tools.lnx86/dfII/etc/cdsDotLibs/spectre/cds.lib Line 8 redefines
LIB ahdlLib from the same file (defined earlier.)
*WARNING* LIB rfTlineLib from File /opt/cadence/ic618/tools.lnx86/dfII/etc/cdsDotLibs/spectre/cds.lib Line 9 redefines
LIB rfTlineLib from the same file (defined earlier.)
Loading gpdk045/libInit.il ...
	Loading gpdk045/loadCxt.ile ... done!
	Loading context 'gpdk045' from library 'gpdk045' ... done!
	Loading context 'pdkUtils' from library 'gpdk045' ... done!
	Loading gpdk045/gpdk045_customFilter.il ... done!
	Loading gpdk045/libInitCustomExit.il ... 
	Loading Environment Settings ...
	Loading gpdk045/gpdk045_PDKRegistrations.il ... done!

  *************************************************************           
  *              Cadence Design Systems, Inc.                 *           
  *                                                           *           
  *                    Generic 45nm PDK                       *           
  *                        (gpdk045)                          *           
  *                                                           *           
  *************************************************************           
	

	VERSION: 6.0 (09-September-2019)

done!
Loaded gpdk045/libInit.il successfully!
Running Artist Hierarchical Netlisting ...
Loading cdf.cxt 
End netlisting Apr 20 22:37:58 2025

Running simin

Running runSim()...


Running runsim with simulator: "auCdl"
Begin simulation:    Apr 20 22:37:58 2025

auCdl netlisting completed
End simulation:      Apr 20 22:37:58 2025
INFO (AUCDL-21): (Analog) CDL netlisting completed successfully.