Mdi:ArrangeIcons
Mdi:ArrangeIcons
Mdi:ArrangeIcons
wm geometry . 900x785+8+85
Mdi:ArrangeIcons
Mdi:ArrangeIcons
wm geometry . 900x785+498+119
Mdi:ArrangeIcons
Mdi:ArrangeIcons
wm geometry . 1707x967+0+23
Mdi:ArrangeIcons
Mdi:ArrangeIcons
wm geometry . 1707x967+8+31
Mdi:ArrangeIcons
wm geometry . 1707x967+0+23
Mdi:ArrangeIcons
wm geometry . 1707x967+8+31
Mdi:ArrangeIcons
wm geometry . 1707x967+0+23
Mdi:ArrangeIcons
Mdi:ArrangeIcons
ScopeSigMgr:loadpffile /home/ece558_658_2024/cdeclercq/559/unppl_design/systolic_array/proc_el/pe.tr0 1 openonly
# PF:1
wm geometry .sigmgr._PF:1 232x242+853+533
wm geometry .sigmgr._PF:1 232x242+1427+341
Mdi:Resize 1302 816
Mdi:Move 5 5
Mdi:ArrangeIcons
wm geometry .sigmgr._PF:1 232x591+1427+341
pf:read PF:1 v(s0)
# WF:1:1
Graph addsignal WF:1:1 -region new -yview real(y) -xview real(x) -tracehi 2
# Signal0
pf:read PF:1 v(s1)
# WF:1:2
Graph addsignal WF:1:2 -region new -yview real(y) -xview real(x) -tracehi 2
# Signal1
pf:read PF:1 v(s2)
# WF:1:3
Graph addsignal WF:1:3 -region new -yview real(y) -xview real(x) -tracehi 2
# Signal2
pf:read PF:1 v(s3)
# WF:1:4
Graph addsignal WF:1:4 -region new -yview real(y) -xview real(x) -tracehi 2
# Signal3
pf:read PF:1 v(s4)
# WF:1:5
Graph addsignal WF:1:5 -region new -yview real(y) -xview real(x) -tracehi 2
# Signal4
pf:read PF:1 v(s5)
# WF:1:6
Graph addsignal WF:1:6 -region new -yview real(y) -xview real(x) -tracehi 2
# Signal5
pf:read PF:1 v(s6)
# WF:1:7
Graph addsignal WF:1:7 -region new -yview real(y) -xview real(x) -tracehi 2
# Signal6
pf:read PF:1 v(s7)
# WF:1:8
Graph addsignal WF:1:8 -region new -yview real(y) -xview real(x) -tracehi 2
# Signal7
Mdi:ArrangeIcons
Graph:DSel
Graph:Select Graph0
Mdi:ArrangeIcons
wm geometry .sigmgr._PF:1 232x242+1427+341
Mdi:ArrangeIcons
wm geometry .sigmgr._PF:1 232x591+1427+341
Mdi:ArrangeIcons
Mdi:ArrangeIcons
Graph:DSel
Mdi:ArrangeIcons
Mdi:ArrangeIcons
ScopeSigMgr:Reload 0 {{(1) pe.tr0}}
Mdi:ArrangeIcons
Mdi:ArrangeIcons
Mdi:ArrangeIcons
Mdi:ArrangeIcons
Mdi:ArrangeIcons
Mdi:ArrangeIcons
ScopeSigMgr:Reload 0 {{(1) pe.tr0}}
Mdi:ArrangeIcons
Mdi:ArrangeIcons
