Mdi:ArrangeIcons
Mdi:ArrangeIcons
Mdi:ArrangeIcons
wm geometry . 900x785+8+85
Mdi:ArrangeIcons
Mdi:ArrangeIcons
wm geometry . 900x785+2087+182
Mdi:ArrangeIcons
wm geometry . 1707x967+1920+23
Mdi:ArrangeIcons
wm geometry . 900x785+2087+182
Mdi:ArrangeIcons
wm geometry . 1707x967+1920+23
Mdi:ArrangeIcons
wm geometry . 1707x967+1920+31
Mdi:ArrangeIcons
wm geometry . 1707x967+1920+23
Mdi:ArrangeIcons
wm geometry . 1707x967+1920+31
Mdi:ArrangeIcons
wm geometry . 1707x967+1920+23
Mdi:ArrangeIcons
Mdi:ArrangeIcons
ScopeSigMgr:loadpffile /home/ece558_658_2024/cdeclercq/559/unppl_design/systolic_array/sys_arr_ppl/sap.tr0 1 openonly
# PF:1
wm geometry .sigmgr._PF:1 232x242+1813+540
wm geometry .sigmgr._PF:1 232x242+3325+341
wm geometry .sigmgr._PF:1 232x611+3325+341
Mdi:Resize 1296 839
Mdi:Move 5 5
Mdi:ArrangeIcons
wm geometry .sigmgr._PF:1 232x242+3325+341
wm geometry .sigmgr._PF:1 232x611+3325+341
Mdi:ArrangeIcons
pf:read PF:1 v(a00_0)
# WF:1:1
Graph addsignal WF:1:1 -region new -yview real(y) -xview real(x) -tracehi 2
# Signal0
pf:read PF:1 v(a00_1)
# WF:1:2
Graph addsignal WF:1:2 -region new -yview real(y) -xview real(x) -tracehi 2
# Signal1
pf:read PF:1 v(a00_2)
# WF:1:3
Graph addsignal WF:1:3 -region new -yview real(y) -xview real(x) -tracehi 2
# Signal2
pf:read PF:1 v(a00_3)
# WF:1:4
Graph addsignal WF:1:4 -region new -yview real(y) -xview real(x) -tracehi 2
# Signal3
GrXY:NewGraph
# Graph1
pf:read PF:1 v(s00_0)
# WF:1:5
Graph addsignal WF:1:5 -region new -yview real(y) -xview real(x) -tracehi 2
# Signal0
pf:read PF:1 v(s00_1)
# WF:1:6
Graph addsignal WF:1:6 -region new -yview real(y) -xview real(x) -tracehi 2
# Signal1
pf:read PF:1 v(s00_2)
# WF:1:7
Graph addsignal WF:1:7 -region new -yview real(y) -xview real(x) -tracehi 2
# Signal2
pf:read PF:1 v(s00_3)
# WF:1:8
Graph addsignal WF:1:8 -region new -yview real(y) -xview real(x) -tracehi 2
# Signal3
pf:read PF:1 v(s00_4)
# WF:1:9
Graph addsignal WF:1:9 -region new -yview real(y) -xview real(x) -tracehi 2
# Signal4
pf:read PF:1 v(s00_5)
# WF:1:10
Graph addsignal WF:1:10 -region new -yview real(y) -xview real(x) -tracehi 2
# Signal5
pf:read PF:1 v(s00_6)
# WF:1:11
Graph addsignal WF:1:11 -region new -yview real(y) -xview real(x) -tracehi 2
# Signal6
pf:read PF:1 v(s00_7)
# WF:1:12
Graph addsignal WF:1:12 -region new -yview real(y) -xview real(x) -tracehi 2
# Signal7
Mdi:Resize 1291 825
Mdi:Move 5 5
Mdi:ArrangeIcons
Mdi:ArrangeIcons
Mdi:ArrangeIcons
Mdi:ArrangeIcons
ScopeSigMgr:Reload 0 {{(1) sap.tr0}}
Mdi:ArrangeIcons
GrXY:NewGraph
# Graph2
pf:read PF:2 v(s01_0)
# WF:2:9
Graph addsignal WF:2:9 -region new -yview real(y) -xview real(x) -tracehi 2
# Signal0
pf:read PF:2 v(s01_1)
# WF:2:10
Graph addsignal WF:2:10 -region new -yview real(y) -xview real(x) -tracehi 2
# Signal1
Mdi:ArrangeIcons
Mdi:ArrangeIcons
Mdi:ArrangeIcons
Mdi:ArrangeIcons
Mdi:ArrangeIcons
Mdi:ArrangeIcons
Mdi:ArrangeIcons
Mdi:ArrangeIcons
Mdi:ArrangeIcons
Mdi:ArrangeIcons
Mdi:ArrangeIcons
Mdi:ArrangeIcons
Mdi:ArrangeIcons
Mdi:ArrangeIcons
Mdi:ArrangeIcons
Mdi:ArrangeIcons
Mdi:ArrangeIcons
Mdi:ArrangeIcons
Mdi:ArrangeIcons
Mdi:ArrangeIcons
ScopeSigMgr:Unload 0 {{(1) sap.tr0}}
Mdi:ArrangeIcons
Mdi:ArrangeIcons
Mdi:ArrangeIcons
Mdi:ArrangeIcons
ScopeSigMgr:loadpffile /home/ece558_658_2024/cdeclercq/559/unppl_design/systolic_array/sys_arr_ppl/sap.tr0 1 openonly
# PF:3
wm geometry .sigmgr._PF:3 232x242+1813+540
wm geometry .sigmgr._PF:3 232x242+3333+341
wm geometry .sigmgr._PF:3 232x611+3333+341
wm geometry .sigmgr._PF:3 232x242+1813+540
wm geometry .sigmgr._PF:3 232x242+3333+341
wm geometry .sigmgr._PF:3 232x611+3333+341
GrXY:NewGraph
# Graph3
pf:read PF:3 v(s00_0)
# WF:3:2
Graph addsignal WF:3:2 -region new -yview real(y) -xview real(x) -tracehi 2
# Signal0
pf:read PF:3 v(s00_1)
# WF:3:3
Graph addsignal WF:3:3 -region new -yview real(y) -xview real(x) -tracehi 2
# Signal1
pf:read PF:3 v(s00_2)
# WF:3:4
Graph addsignal WF:3:4 -region new -yview real(y) -xview real(x) -tracehi 2
# Signal2
pf:read PF:3 v(s00_3)
# WF:3:5
Graph addsignal WF:3:5 -region new -yview real(y) -xview real(x) -tracehi 2
# Signal3
pf:read PF:3 v(s00_4)
# WF:3:6
Graph addsignal WF:3:6 -region new -yview real(y) -xview real(x) -tracehi 2
# Signal4
pf:read PF:3 v(s00_5)
# WF:3:7
Graph addsignal WF:3:7 -region new -yview real(y) -xview real(x) -tracehi 2
# Signal5
pf:read PF:3 v(s00_6)
# WF:3:8
Graph addsignal WF:3:8 -region new -yview real(y) -xview real(x) -tracehi 2
# Signal6
pf:read PF:3 v(s00_7)
# WF:3:9
Graph addsignal WF:3:9 -region new -yview real(y) -xview real(x) -tracehi 2
# Signal7
Mdi:Resize 924 686
Mdi:Move 5 5
Mdi:Resize 1052 747
Mdi:Move 5 5
Mdi:Resize 1282 833
Mdi:Move 5 5
Mdi:ArrangeIcons
Mdi:ArrangeIcons
Mdi:ArrangeIcons
Mdi:ArrangeIcons
Mdi:ArrangeIcons
Mdi:ArrangeIcons
Mdi:ArrangeIcons
Mdi:ArrangeIcons
Mdi:ArrangeIcons
Mdi:ArrangeIcons
Mdi:ArrangeIcons
Mdi:ArrangeIcons
Mdi:ArrangeIcons
Mdi:ArrangeIcons
Mdi:ArrangeIcons
Mdi:ArrangeIcons
Mdi:ArrangeIcons
Mdi:ArrangeIcons
Mdi:ArrangeIcons
Mdi:ArrangeIcons
Mdi:ArrangeIcons
Mdi:ArrangeIcons
Mdi:ArrangeIcons
Mdi:ArrangeIcons
Mdi:ArrangeIcons
Mdi:ArrangeIcons
Mdi:ArrangeIcons
Mdi:ArrangeIcons
Mdi:ArrangeIcons
Mdi:ArrangeIcons
Mdi:ArrangeIcons
Mdi:ArrangeIcons
Mdi:ArrangeIcons
Mdi:ArrangeIcons
Mdi:ArrangeIcons
Mdi:ArrangeIcons
Mdi:ArrangeIcons
Mdi:ArrangeIcons
Mdi:ArrangeIcons
Mdi:ArrangeIcons
Mdi:ArrangeIcons
Mdi:ArrangeIcons
ScopeSigMgr:Reload 0 {{(1) sap.tr0}}
Mdi:Resize 1300 833
Mdi:Move 5 5
Mdi:ArrangeIcons
Mdi:Resize 1300 840
Mdi:Move 5 5
Mdi:ArrangeIcons
GrXY:NewGraph
# Graph4
pf:read PF:4 v(s10_0)
# WF:4:9
Graph addsignal WF:4:9 -region new -yview real(y) -xview real(x) -tracehi 2
# Signal0
Mdi:Resize 1298 842
Mdi:Move 5 5
pf:read PF:4 v(s10_1)
# WF:4:10
Graph addsignal WF:4:10 -region new -yview real(y) -xview real(x) -tracehi 2
# Signal1
pf:read PF:4 v(s10_2)
# WF:4:11
Graph addsignal WF:4:11 -region new -yview real(y) -xview real(x) -tracehi 2
# Signal2
pf:read PF:4 v(s10_3)
# WF:4:12
Graph addsignal WF:4:12 -region new -yview real(y) -xview real(x) -tracehi 2
# Signal3
pf:read PF:4 v(s10_4)
# WF:4:13
Graph addsignal WF:4:13 -region new -yview real(y) -xview real(x) -tracehi 2
# Signal4
pf:read PF:4 v(s10_5)
# WF:4:14
Graph addsignal WF:4:14 -region new -yview real(y) -xview real(x) -tracehi 2
# Signal5
pf:read PF:4 v(s10_6)
# WF:4:15
Graph addsignal WF:4:15 -region new -yview real(y) -xview real(x) -tracehi 2
# Signal6
pf:read PF:4 v(s10_7)
# WF:4:16
Graph addsignal WF:4:16 -region new -yview real(y) -xview real(x) -tracehi 2
# Signal7
Mdi:ArrangeIcons
Mdi:ArrangeIcons
Mdi:ArrangeIcons
Mdi:ArrangeIcons
Mdi:ArrangeIcons
Mdi:ArrangeIcons
Mdi:ArrangeIcons
Mdi:ArrangeIcons
Mdi:ArrangeIcons
Mdi:ArrangeIcons
Mdi:ArrangeIcons
Mdi:ArrangeIcons
Mdi:ArrangeIcons
Mdi:ArrangeIcons
Mdi:ArrangeIcons
Mdi:ArrangeIcons
Mdi:ArrangeIcons
Mdi:ArrangeIcons
Mdi:ArrangeIcons
Mdi:ArrangeIcons
Mdi:ArrangeIcons
Mdi:ArrangeIcons
Mdi:ArrangeIcons
Mdi:ArrangeIcons
Mdi:ArrangeIcons
Mdi:ArrangeIcons
Mdi:ArrangeIcons
Mdi:ArrangeIcons
Mdi:ArrangeIcons
Mdi:ArrangeIcons
Mdi:ArrangeIcons
Mdi:ArrangeIcons
Mdi:ArrangeIcons
Mdi:ArrangeIcons
Mdi:ArrangeIcons
Mdi:ArrangeIcons
Mdi:ArrangeIcons
Mdi:ArrangeIcons
Mdi:ArrangeIcons
Mdi:ArrangeIcons
Mdi:ArrangeIcons
Mdi:ArrangeIcons
Mdi:ArrangeIcons
Mdi:ArrangeIcons
Mdi:ArrangeIcons
Mdi:ArrangeIcons
Mdi:ArrangeIcons
Mdi:ArrangeIcons
Mdi:ArrangeIcons
Mdi:ArrangeIcons
Mdi:ArrangeIcons
Mdi:ArrangeIcons
Mdi:ArrangeIcons
Mdi:ArrangeIcons
Mdi:ArrangeIcons
Mdi:ArrangeIcons
Mdi:ArrangeIcons
Mdi:ArrangeIcons
